<?xml version="1.0" encoding="UTF-8"?>
<testng-results ignored="0" total="1" passed="1" failed="0" skipped="0">
  <reporter-output>
  </reporter-output>
  <suite started-at="2024-12-12T20:07:44 IST" name="Default suite" finished-at="2024-12-12T20:08:16 IST" duration-ms="31898">
    <groups>
    </groups>
    <test started-at="2024-12-12T20:07:44 IST" name="Default test" finished-at="2024-12-12T20:08:16 IST" duration-ms="31898">
      <class name="com.cdac.acts.AppTest">
        <test-method signature="test()[pri:0, instance:com.cdac.acts.AppTest@609cd4d8]" started-at="2024-12-12T20:07:44 IST" name="test" finished-at="2024-12-12T20:08:16 IST" duration-ms="31856" status="PASS">
          <reporter-output>
          </reporter-output>
        </test-method> <!-- test -->
      </class> <!-- com.cdac.acts.AppTest -->
    </test> <!-- Default test -->
  </suite> <!-- Default suite -->
</testng-results>
